2025-05-25 08:59:33,990 INFO o.s.b.StartupInfoLogger [main] Starting SpringBootLoggingApplication using Java 17.0.12 with PID 8960 (D:\springbootoldbutnewws\SpringBootLogging\target\classes started by LENOVO in D:\springbootoldbutnewws\SpringBootLogging)
2025-05-25 08:59:34,071 DEBUG o.s.b.StartupInfoLogger [main] Running with Spring Boot v3.4.6, Spring v6.2.7
2025-05-25 08:59:34,090 INFO o.s.b.SpringApplication [main] No active profile set, falling back to 1 default profile: "default"
2025-05-25 08:59:38,322 INFO o.s.b.w.e.t.TomcatWebServer [main] Tomcat initialized with port 1000 (http)
2025-05-25 08:59:38,369 INFO o.a.j.l.DirectJDKLog [main] Initializing ProtocolHandler ["http-nio-1000"]
2025-05-25 08:59:38,379 INFO o.a.j.l.DirectJDKLog [main] Starting service [Tomcat]
2025-05-25 08:59:38,385 INFO o.a.j.l.DirectJDKLog [main] Starting Servlet engine: [Apache Tomcat/10.1.41]
2025-05-25 08:59:38,572 INFO o.a.j.l.DirectJDKLog [main] Initializing Spring embedded WebApplicationContext
2025-05-25 08:59:38,579 INFO o.s.b.w.s.c.ServletWebServerApplicationContext [main] Root WebApplicationContext: initialization completed in 4293 ms
2025-05-25 08:59:39,559 INFO o.a.j.l.DirectJDKLog [main] Starting ProtocolHandler ["http-nio-1000"]
2025-05-25 08:59:39,632 INFO o.s.b.w.e.t.TomcatWebServer [main] Tomcat started on port 1000 (http) with context path '/'
2025-05-25 08:59:39,661 INFO o.s.b.StartupInfoLogger [main] Started SpringBootLoggingApplication in 9.616 seconds (process running for 12.093)
2025-05-25 09:00:43,231 INFO o.a.j.l.DirectJDKLog [http-nio-1000-exec-1] Initializing Spring DispatcherServlet 'dispatcherServlet'
2025-05-25 09:00:43,233 INFO o.s.w.s.FrameworkServlet [http-nio-1000-exec-1] Initializing Servlet 'dispatcherServlet'
2025-05-25 09:00:43,256 INFO o.s.w.s.FrameworkServlet [http-nio-1000-exec-1] Completed initialization in 1 ms
2025-05-25 09:00:43,695 TRACE c.e.d.c.LoggingController [http-nio-1000-exec-1] A TRACE Message
2025-05-25 09:00:43,787 DEBUG c.e.d.c.LoggingController [http-nio-1000-exec-1] A DEBUG Message
2025-05-25 09:00:43,806 INFO c.e.d.c.LoggingController [http-nio-1000-exec-1] An INFO Message
2025-05-25 09:00:43,879 WARN c.e.d.c.LoggingController [http-nio-1000-exec-1] A WARN Message
2025-05-25 09:00:43,918 ERROR c.e.d.c.LoggingController [http-nio-1000-exec-1] An ERROR Message
2025-05-25 09:01:03,093 INFO o.s.b.w.e.t.GracefulShutdown [SpringApplicationShutdownHook] Commencing graceful shutdown. Waiting for active requests to complete
2025-05-25 09:01:04,042 INFO o.s.b.w.e.t.GracefulShutdown [tomcat-shutdown] Graceful shutdown complete
